# JRE version: Java(TM) SE Runtime Environment (8.0_161-b12) (build 1.8.0_161-b12)
# Java VM: Java HotSpot(TM) 64-Bit Server VM (25.161-b12 mixed mode windows-amd64 compressed oops)
Heap:
 PSYoungGen      total 1388032K, used 300882K [0x000000076b200000, 0x00000007c0000000, 0x00000007c0000000)
  eden space 1385472K, 21% used [0x000000076b200000,0x000000077d794990,0x00000007bfb00000)
  from space 2560K, 10% used [0x00000007bfb00000,0x00000007bfb40000,0x00000007bfd80000)
  to   space 2560K, 0% used [0x00000007bfd80000,0x00000007bfd80000,0x00000007c0000000)
 ParOldGen       total 202752K, used 65339K [0x00000006c1600000, 0x00000006cdc00000, 0x000000076b200000)
  object space 202752K, 32% used [0x00000006c1600000,0x00000006c55cefc0,0x00000006cdc00000)
 Metaspace       used 36127K, capacity 37618K, committed 37888K, reserved 1081344K
  class space    used 4571K, capacity 5266K, committed 5376K, reserved 1048576K
GC Heap History (10 events):
Event: 22.992 GC heap before
{Heap before GC invocations=75 (full 2):
 PSYoungGen      total 1385984K, used 1383712K [0x000000076b200000, 0x00000007bff00000, 0x00000007c0000000)
  eden space 1383424K, 100% used [0x000000076b200000,0x00000007bf900000,0x00000007bf900000)
  from space 2560K, 11% used [0x00000007bfc80000,0x00000007bfcc8000,0x00000007bff00000)
  to   space 3072K, 0% used [0x00000007bf900000,0x00000007bf900000,0x00000007bfc00000)
 ParOldGen       total 202752K, used 65187K [0x00000006c1600000, 0x00000006cdc00000, 0x000000076b200000)
  object space 202752K, 32% used [0x00000006c1600000,0x00000006c55a8fc0,0x00000006cdc00000)
 Metaspace       used 35885K, capacity 37330K, committed 37504K, reserved 1081344K
  class space    used 4545K, capacity 5234K, committed 5248K, reserved 1048576K
Event: 22.993 GC heap after
Heap after GC invocations=75 (full 2):
 PSYoungGen      total 1386496K, used 256K [0x000000076b200000, 0x00000007c0000000, 0x00000007c0000000)
  eden space 1383424K, 0% used [0x000000076b200000,0x000000076b200000,0x00000007bf900000)
  from space 3072K, 8% used [0x00000007bf900000,0x00000007bf940000,0x00000007bfc00000)
  to   space 3072K, 0% used [0x00000007bfd00000,0x00000007bfd00000,0x00000007c0000000)
 ParOldGen       total 202752K, used 65227K [0x00000006c1600000, 0x00000006cdc00000, 0x000000076b200000)
  object space 202752K, 32% used [0x00000006c1600000,0x00000006c55b2fc0,0x00000006cdc00000)
 Metaspace       used 35885K, capacity 37330K, committed 37504K, reserved 1081344K
  class space    used 4545K, capacity 5234K, committed 5248K, reserved 1048576K
}
Event: 23.000 GC heap before
{Heap before GC invocations=76 (full 2):
 PSYoungGen      total 1386496K, used 1383680K [0x000000076b200000, 0x00000007c0000000, 0x00000007c0000000)
  eden space 1383424K, 100% used [0x000000076b200000,0x00000007bf900000,0x00000007bf900000)
  from space 3072K, 8% used [0x00000007bf900000,0x00000007bf940000,0x00000007bfc00000)
  to   space 3072K, 0% used [0x00000007bfd00000,0x00000007bfd00000,0x00000007c0000000)
 ParOldGen       total 202752K, used 65227K [0x00000006c1600000, 0x00000006cdc00000, 0x000000076b200000)
  object space 202752K, 32% used [0x00000006c1600000,0x00000006c55b2fc0,0x00000006cdc00000)
 Metaspace       used 35885K, capacity 37330K, committed 37504K, reserved 1081344K
  class space    used 4545K, capacity 5234K, committed 5248K, reserved 1048576K
Event: 23.001 GC heap after
Heap after GC invocations=76 (full 2):
 PSYoungGen      total 1386496K, used 256K [0x000000076b200000, 0x00000007bff00000, 0x00000007c0000000)
  eden space 1384448K, 0% used [0x000000076b200000,0x000000076b200000,0x00000007bfa00000)
  from space 2048K, 12% used [0x00000007bfd00000,0x00000007bfd40000,0x00000007bff00000)
  to   space 2560K, 0% used [0x00000007bfa00000,0x00000007bfa00000,0x00000007bfc80000)
 ParOldGen       total 202752K, used 65259K [0x00000006c1600000, 0x00000006cdc00000, 0x000000076b200000)
  object space 202752K, 32% used [0x00000006c1600000,0x00000006c55bafc0,0x00000006cdc00000)
 Metaspace       used 35885K, capacity 37330K, committed 37504K, reserved 1081344K
  class space    used 4545K, capacity 5234K, committed 5248K, reserved 1048576K
}
Event: 23.010 GC heap before
{Heap before GC invocations=77 (full 2):
 PSYoungGen      total 1386496K, used 1384704K [0x000000076b200000, 0x00000007bff00000, 0x00000007c0000000)
  eden space 1384448K, 100% used [0x000000076b200000,0x00000007bfa00000,0x00000007bfa00000)
  from space 2048K, 12% used [0x00000007bfd00000,0x00000007bfd40000,0x00000007bff00000)
  to   space 2560K, 0% used [0x00000007bfa00000,0x00000007bfa00000,0x00000007bfc80000)
 ParOldGen       total 202752K, used 65259K [0x00000006c1600000, 0x00000006cdc00000, 0x000000076b200000)
  object space 202752K, 32% used [0x00000006c1600000,0x00000006c55bafc0,0x00000006cdc00000)
 Metaspace       used 35885K, capacity 37330K, committed 37504K, reserved 1081344K
  class space    used 4545K, capacity 5234K, committed 5248K, reserved 1048576K
Event: 23.011 GC heap after
Heap after GC invocations=77 (full 2):
 PSYoungGen      total 1387008K, used 288K [0x000000076b200000, 0x00000007c0000000, 0x00000007c0000000)
  eden space 1384448K, 0% used [0x000000076b200000,0x000000076b200000,0x00000007bfa00000)
  from space 2560K, 11% used [0x00000007bfa00000,0x00000007bfa48000,0x00000007bfc80000)
  to   space 2560K, 0% used [0x00000007bfd80000,0x00000007bfd80000,0x00000007c0000000)
 ParOldGen       total 202752K, used 65291K [0x00000006c1600000, 0x00000006cdc00000, 0x000000076b200000)
  object space 202752K, 32% used [0x00000006c1600000,0x00000006c55c2fc0,0x00000006cdc00000)
 Metaspace       used 35885K, capacity 37330K, committed 37504K, reserved 1081344K
  class space    used 4545K, capacity 5234K, committed 5248K, reserved 1048576K
}
Event: 23.018 GC heap before
{Heap before GC invocations=78 (full 2):
 PSYoungGen      total 1387008K, used 1384736K [0x000000076b200000, 0x00000007c0000000, 0x00000007c0000000)
  eden space 1384448K, 100% used [0x000000076b200000,0x00000007bfa00000,0x00000007bfa00000)
  from space 2560K, 11% used [0x00000007bfa00000,0x00000007bfa48000,0x00000007bfc80000)
  to   space 2560K, 0% used [0x00000007bfd80000,0x00000007bfd80000,0x00000007c0000000)
 ParOldGen       total 202752K, used 65291K [0x00000006c1600000, 0x00000006cdc00000, 0x000000076b200000)
  object space 202752K, 32% used [0x00000006c1600000,0x00000006c55c2fc0,0x00000006cdc00000)
 Metaspace       used 35885K, capacity 37330K, committed 37504K, reserved 1081344K
  class space    used 4545K, capacity 5234K, committed 5248K, reserved 1048576K
Event: 23.019 GC heap after
Heap after GC invocations=78 (full 2):
 PSYoungGen      total 1388032K, used 256K [0x000000076b200000, 0x00000007c0000000, 0x00000007c0000000)
  eden space 1385472K, 0% used [0x000000076b200000,0x000000076b200000,0x00000007bfb00000)
  from space 2560K, 10% used [0x00000007bfd80000,0x00000007bfdc0000,0x00000007c0000000)
  to   space 2560K, 0% used [0x00000007bfb00000,0x00000007bfb00000,0x00000007bfd80000)
 ParOldGen       total 202752K, used 65307K [0x00000006c1600000, 0x00000006cdc00000, 0x000000076b200000)
  object space 202752K, 32% used [0x00000006c1600000,0x00000006c55c6fc0,0x00000006cdc00000)
 Metaspace       used 35885K, capacity 37330K, committed 37504K, reserved 1081344K
  class space    used 4545K, capacity 5234K, committed 5248K, reserved 1048576K
}
Event: 23.026 GC heap before
{Heap before GC invocations=79 (full 2):
 PSYoungGen      total 1388032K, used 1385728K [0x000000076b200000, 0x00000007c0000000, 0x00000007c0000000)
  eden space 1385472K, 100% used [0x000000076b200000,0x00000007bfb00000,0x00000007bfb00000)
  from space 2560K, 10% used [0x00000007bfd80000,0x00000007bfdc0000,0x00000007c0000000)
  to   space 2560K, 0% used [0x00000007bfb00000,0x00000007bfb00000,0x00000007bfd80000)
 ParOldGen       total 202752K, used 65307K [0x00000006c1600000, 0x00000006cdc00000, 0x000000076b200000)
  object space 202752K, 32% used [0x00000006c1600000,0x00000006c55c6fc0,0x00000006cdc00000)
 Metaspace       used 35885K, capacity 37330K, committed 37504K, reserved 1081344K
  class space    used 4545K, capacity 5234K, committed 5248K, reserved 1048576K
Event: 23.027 GC heap after
Heap after GC invocations=79 (full 2):
 PSYoungGen      total 1388032K, used 256K [0x000000076b200000, 0x00000007c0000000, 0x00000007c0000000)
  eden space 1385472K, 0% used [0x000000076b200000,0x000000076b200000,0x00000007bfb00000)
  from space 2560K, 10% used [0x00000007bfb00000,0x00000007bfb40000,0x00000007bfd80000)
  to   space 2560K, 0% used [0x00000007bfd80000,0x00000007bfd80000,0x00000007c0000000)
 ParOldGen       total 202752K, used 65339K [0x00000006c1600000, 0x00000006cdc00000, 0x000000076b200000)
  object space 202752K, 32% used [0x00000006c1600000,0x00000006c55cefc0,0x00000006cdc00000)
 Metaspace       used 35885K, capacity 37330K, committed 37504K, reserved 1081344K
  class space    used 4545K, capacity 5234K, committed 5248K, reserved 1048576K
}

